INFO: Seed: 3194224625
INFO: Loaded 1 modules   (231 inline 8-bit counters): 231 [0x7963f0, 0x7964d7), 
INFO: Loaded 1 PC tables (231 PCs): 231 [0x572578,0x5733e8), 
INFO:       25 files found in ../seeds
INFO: -max_len is not provided; libFuzzer will not generate inputs larger than 4096 bytes
INFO: seed corpus: files: 25 min: 73b max: 4096b total: 25376b rss: 37Mb
AddressSanitizer:DEADLYSIGNAL
=================================================================
==23491==ERROR: AddressSanitizer: SEGV on unknown address 0x000000000000 (pc 0x7efc73a90254 bp 0x7ffe175f7410 sp 0x7ffe175f73e0 T0)
==23491==The signal is caused by a READ memory access.
==23491==Hint: address points to the zero page.
    #0 0x7efc73a90253 in fclose /build/glibc-OTsEL5/glibc-2.27/libio/iofclose.c:34
    #1 0x510b7d in __interceptor_fclose (/media/brad/HDD_1TB_intern/EPFL/SYSCOM/MA01/SoftSec/Labs/SoftSec-Labs/cs412_lab4_part2/src/fuzzer_load_png_name+0x510b7d)
    #2 0x550e29 in load_png /media/brad/HDD_1TB_intern/EPFL/SYSCOM/MA01/SoftSec/Labs/SoftSec-Labs/cs412_lab4_part2/src/pngparser.c:716:5
    #3 0x54a944 in LLVMFuzzerTestOneInput /media/brad/HDD_1TB_intern/EPFL/SYSCOM/MA01/SoftSec/Labs/SoftSec-Labs/cs412_lab4_part2/src/fuzzer_load_png_name.c:12:3
    #4 0x42ebc7 in fuzzer::Fuzzer::ExecuteCallback(unsigned char const*, unsigned long) (/media/brad/HDD_1TB_intern/EPFL/SYSCOM/MA01/SoftSec/Labs/SoftSec-Labs/cs412_lab4_part2/src/fuzzer_load_png_name+0x42ebc7)
    #5 0x4372c0 in fuzzer::Fuzzer::RunOne(unsigned char const*, unsigned long, bool, fuzzer::InputInfo*, bool*) (/media/brad/HDD_1TB_intern/EPFL/SYSCOM/MA01/SoftSec/Labs/SoftSec-Labs/cs412_lab4_part2/src/fuzzer_load_png_name+0x4372c0)
    #6 0x4388c6 in fuzzer::Fuzzer::ReadAndExecuteSeedCorpora(std::vector<std::__cxx11::basic_string<char, std::char_traits<char>, std::allocator<char> >, fuzzer::fuzzer_allocator<std::__cxx11::basic_string<char, std::char_traits<char>, std::allocator<char> > > > const&) (/media/brad/HDD_1TB_intern/EPFL/SYSCOM/MA01/SoftSec/Labs/SoftSec-Labs/cs412_lab4_part2/src/fuzzer_load_png_name+0x4388c6)
    #7 0x43a972 in fuzzer::Fuzzer::Loop(std::vector<std::__cxx11::basic_string<char, std::char_traits<char>, std::allocator<char> >, fuzzer::fuzzer_allocator<std::__cxx11::basic_string<char, std::char_traits<char>, std::allocator<char> > > > const&) (/media/brad/HDD_1TB_intern/EPFL/SYSCOM/MA01/SoftSec/Labs/SoftSec-Labs/cs412_lab4_part2/src/fuzzer_load_png_name+0x43a972)
    #8 0x429e5c in fuzzer::FuzzerDriver(int*, char***, int (*)(unsigned char const*, unsigned long)) (/media/brad/HDD_1TB_intern/EPFL/SYSCOM/MA01/SoftSec/Labs/SoftSec-Labs/cs412_lab4_part2/src/fuzzer_load_png_name+0x429e5c)
    #9 0x41cd22 in main (/media/brad/HDD_1TB_intern/EPFL/SYSCOM/MA01/SoftSec/Labs/SoftSec-Labs/cs412_lab4_part2/src/fuzzer_load_png_name+0x41cd22)
    #10 0x7efc73a33b96 in __libc_start_main /build/glibc-OTsEL5/glibc-2.27/csu/../csu/libc-start.c:310
    #11 0x41cd99 in _start (/media/brad/HDD_1TB_intern/EPFL/SYSCOM/MA01/SoftSec/Labs/SoftSec-Labs/cs412_lab4_part2/src/fuzzer_load_png_name+0x41cd99)

AddressSanitizer can not provide additional info.
SUMMARY: AddressSanitizer: SEGV /build/glibc-OTsEL5/glibc-2.27/libio/iofclose.c:34 in fclose
==23491==ABORTING
MS: 0 ; base unit: 0000000000000000000000000000000000000000
artifact_prefix='./'; Test unit written to ./crash-022534adf8c9639bf4e5dcd204f2a63b17c4d944

