INFO: Seed: 4164388892
INFO: Loaded 1 modules   (238 inline 8-bit counters): 238 [0x797430, 0x79751e), 
INFO: Loaded 1 PC tables (238 PCs): 238 [0x572798,0x573678), 
./fuzzer_load_png: Running 1 inputs 1 time(s) each.
Running: ../reports/02_OK/crash_02

=================================================================
==28454==ERROR: LeakSanitizer: detected memory leaks

Direct leak of 13 byte(s) in 1 object(s) allocated from:
    #0 0x5122b0 in __interceptor_malloc (/media/brad/HDD_1TB_intern/EPFL/SYSCOM/MA01/SoftSec/Labs/SoftSec-Labs/cs412_lab4_part2/src/fuzzer_load_png+0x5122b0)
    #1 0x54c290 in read_png_chunk /media/brad/HDD_1TB_intern/EPFL/SYSCOM/MA01/SoftSec/Labs/SoftSec-Labs/cs412_lab4_part2/src/pngparser.c:277:29
    #2 0x55017c in load_png /media/brad/HDD_1TB_intern/EPFL/SYSCOM/MA01/SoftSec/Labs/SoftSec-Labs/cs412_lab4_part2/src/pngparser.c:592:12
    #3 0x54a9dd in LLVMFuzzerTestOneInput /media/brad/HDD_1TB_intern/EPFL/SYSCOM/MA01/SoftSec/Labs/SoftSec-Labs/cs412_lab4_part2/src/fuzzer_load_png.c:25:3
    #4 0x42ebc7 in fuzzer::Fuzzer::ExecuteCallback(unsigned char const*, unsigned long) (/media/brad/HDD_1TB_intern/EPFL/SYSCOM/MA01/SoftSec/Labs/SoftSec-Labs/cs412_lab4_part2/src/fuzzer_load_png+0x42ebc7)
    #5 0x41f05a in fuzzer::RunOneTest(fuzzer::Fuzzer*, char const*, unsigned long) (/media/brad/HDD_1TB_intern/EPFL/SYSCOM/MA01/SoftSec/Labs/SoftSec-Labs/cs412_lab4_part2/src/fuzzer_load_png+0x41f05a)
    #6 0x42a020 in fuzzer::FuzzerDriver(int*, char***, int (*)(unsigned char const*, unsigned long)) (/media/brad/HDD_1TB_intern/EPFL/SYSCOM/MA01/SoftSec/Labs/SoftSec-Labs/cs412_lab4_part2/src/fuzzer_load_png+0x42a020)
    #7 0x41cd22 in main (/media/brad/HDD_1TB_intern/EPFL/SYSCOM/MA01/SoftSec/Labs/SoftSec-Labs/cs412_lab4_part2/src/fuzzer_load_png+0x41cd22)
    #8 0x7f69db400b96 in __libc_start_main /build/glibc-OTsEL5/glibc-2.27/csu/../csu/libc-start.c:310

SUMMARY: AddressSanitizer: 13 byte(s) leaked in 1 allocation(s).

INFO: a leak has been found in the initial corpus.

INFO: to ignore leaks on libFuzzer side use -detect_leaks=0.